13:24:37.641 [background-preinit] INFO  Version -<clinit>   - HV000001: Hibernate Validator 6.2.5.Final

13:24:37.668 [main] INFO  TrainApplication -logStarting   - Starting TrainApplication using Java 18.0.2 on 22005461EchoLin with PID 21428 (C:\Git Repo\Train\target\classes started by 2200546 in C:\Git Repo\Train)

13:24:37.673 [main] INFO  TrainApplication -logStartupProfileInfo   - No active profile set, falling back to 1 default profile: "default"

13:24:38.261 [main] INFO  RepositoryConfigurationDelegate -registerRepositoriesIn   - Bootstrapping Spring Data JPA repositories in DEFAULT mode.

13:24:38.320 [main] INFO  RepositoryConfigurationDelegate -registerRepositoriesIn   - Finished Spring Data repository scanning in 51 ms. Found 3 JPA repository interfaces.

13:24:38.816 [main] INFO  TomcatWebServer -initialize   - Tomcat initialized with port(s): 8080 (http)

13:24:38.831 [main] INFO  Http11NioProtocol -log   - Initializing ProtocolHandler ["http-nio-8080"]

13:24:38.832 [main] INFO  StandardService -log   - Starting service [Tomcat]

13:24:38.832 [main] INFO  StandardEngine -log   - Starting Servlet engine: [Apache Tomcat/9.0.68]

13:24:38.921 [main] INFO  [/] -log   - Initializing Spring embedded WebApplicationContext

13:24:38.921 [main] INFO  ServletWebServerApplicationContext -prepareWebApplicationContext   - Root WebApplicationContext: initialization completed in 1205 ms

13:24:38.946 [main] INFO  HikariDataSource -getConnection   - HikariPool-1 - Starting...

13:24:39.130 [main] INFO  HikariDataSource -getConnection   - HikariPool-1 - Start completed.

13:24:39.139 [main] INFO  H2ConsoleAutoConfiguration -logDataSources   - H2 console available at '/h2-console'. Database available at 'jdbc:h2:mem:testdb'

13:24:39.266 [main] INFO  LogHelper -logPersistenceUnitInformation   - HHH000204: Processing PersistenceUnitInfo [name: default]

13:24:39.319 [main] INFO  Version -logVersion   - HHH000412: Hibernate ORM core version 5.6.12.Final

13:24:39.478 [main] INFO  Version -<clinit>   - HCANN000001: Hibernate Commons Annotations {5.1.2.Final}

13:24:39.571 [main] INFO  Dialect -<init>   - HHH000400: Using dialect: org.hibernate.dialect.H2Dialect

13:24:39.983 [main] INFO  JtaPlatformInitiator -initiateService   - HHH000490: Using JtaPlatform implementation: [org.hibernate.engine.transaction.jta.platform.internal.NoJtaPlatform]

13:24:39.988 [main] INFO  LocalContainerEntityManagerFactoryBean -buildNativeEntityManagerFactory   - Initialized JPA EntityManagerFactory for persistence unit 'default'

13:24:40.457 [main] WARN  JpaBaseConfiguration$JpaWebConfiguration -openEntityManagerInViewInterceptor   - spring.jpa.open-in-view is enabled by default. Therefore, database queries may be performed during view rendering. Explicitly configure spring.jpa.open-in-view to disable this warning

13:24:40.841 [main] INFO  Http11NioProtocol -log   - Starting ProtocolHandler ["http-nio-8080"]

13:24:40.874 [main] INFO  TomcatWebServer -start   - Tomcat started on port(s): 8080 (http) with context path ''

13:24:40.902 [main] INFO  TrainApplication -logStarted   - Started TrainApplication in 3.652 seconds (JVM running for 4.36)

