13:36:21.744 [background-preinit] INFO  Version -<clinit>   - HV000001: Hibernate Validator 6.2.5.Final

13:36:21.783 [main] INFO  TrainApplication -logStarting   - Starting TrainApplication using Java 18.0.2 on 22005461EchoLin with PID 8016 (C:\Git Repo\Train\target\classes started by 2200546 in C:\Git Repo\Train)

13:36:21.787 [main] INFO  TrainApplication -logStartupProfileInfo   - No active profile set, falling back to 1 default profile: "default"

13:36:22.327 [main] INFO  RepositoryConfigurationDelegate -registerRepositoriesIn   - Bootstrapping Spring Data JPA repositories in DEFAULT mode.

13:36:22.386 [main] INFO  RepositoryConfigurationDelegate -registerRepositoriesIn   - Finished Spring Data repository scanning in 52 ms. Found 3 JPA repository interfaces.

13:36:22.831 [main] INFO  TomcatWebServer -initialize   - Tomcat initialized with port(s): 8080 (http)

13:36:22.842 [main] INFO  Http11NioProtocol -log   - Initializing ProtocolHandler ["http-nio-8080"]

13:36:22.844 [main] INFO  StandardService -log   - Starting service [Tomcat]

13:36:22.844 [main] INFO  StandardEngine -log   - Starting Servlet engine: [Apache Tomcat/9.0.68]

13:36:22.924 [main] INFO  [/] -log   - Initializing Spring embedded WebApplicationContext

13:36:22.924 [main] INFO  ServletWebServerApplicationContext -prepareWebApplicationContext   - Root WebApplicationContext: initialization completed in 1104 ms

13:36:22.954 [main] INFO  HikariDataSource -getConnection   - HikariPool-1 - Starting...

13:36:23.100 [main] INFO  HikariDataSource -getConnection   - HikariPool-1 - Start completed.

13:36:23.110 [main] INFO  H2ConsoleAutoConfiguration -logDataSources   - H2 console available at '/h2-console'. Database available at 'jdbc:h2:mem:testdb'

13:36:23.241 [main] INFO  LogHelper -logPersistenceUnitInformation   - HHH000204: Processing PersistenceUnitInfo [name: default]

13:36:23.287 [main] INFO  Version -logVersion   - HHH000412: Hibernate ORM core version 5.6.12.Final

13:36:23.445 [main] INFO  Version -<clinit>   - HCANN000001: Hibernate Commons Annotations {5.1.2.Final}

13:36:23.539 [main] INFO  Dialect -<init>   - HHH000400: Using dialect: org.hibernate.dialect.H2Dialect

13:36:23.897 [main] INFO  JtaPlatformInitiator -initiateService   - HHH000490: Using JtaPlatform implementation: [org.hibernate.engine.transaction.jta.platform.internal.NoJtaPlatform]

13:36:23.901 [main] INFO  LocalContainerEntityManagerFactoryBean -buildNativeEntityManagerFactory   - Initialized JPA EntityManagerFactory for persistence unit 'default'

13:36:24.352 [main] WARN  JpaBaseConfiguration$JpaWebConfiguration -openEntityManagerInViewInterceptor   - spring.jpa.open-in-view is enabled by default. Therefore, database queries may be performed during view rendering. Explicitly configure spring.jpa.open-in-view to disable this warning

13:36:24.636 [main] INFO  Http11NioProtocol -log   - Starting ProtocolHandler ["http-nio-8080"]

13:36:24.660 [main] INFO  TomcatWebServer -start   - Tomcat started on port(s): 8080 (http) with context path ''

13:36:24.669 [main] INFO  TrainApplication -logStarted   - Started TrainApplication in 3.273 seconds (JVM running for 3.843)

13:36:28.631 [http-nio-8080-exec-1] INFO  [/] -log   - Initializing Spring DispatcherServlet 'dispatcherServlet'

13:36:28.631 [http-nio-8080-exec-1] INFO  DispatcherServlet -initServletBean   - Initializing Servlet 'dispatcherServlet'

13:36:28.632 [http-nio-8080-exec-1] INFO  DispatcherServlet -initServletBean   - Completed initialization in 1 ms

