14:46:30.908 [background-preinit] INFO  Version -<clinit>   - HV000001: Hibernate Validator 6.2.5.Final

14:46:30.944 [main] INFO  TrainApplication -logStarting   - Starting TrainApplication using Java 18.0.2 on 22005461EchoLin with PID 10344 (C:\Git Repo\Train\target\classes started by 2200546 in C:\Git Repo\Train)

14:46:30.949 [main] INFO  TrainApplication -logStartupProfileInfo   - No active profile set, falling back to 1 default profile: "default"

14:46:31.541 [main] INFO  RepositoryConfigurationDelegate -registerRepositoriesIn   - Bootstrapping Spring Data JPA repositories in DEFAULT mode.

14:46:31.599 [main] INFO  RepositoryConfigurationDelegate -registerRepositoriesIn   - Finished Spring Data repository scanning in 52 ms. Found 3 JPA repository interfaces.

14:46:32.091 [main] INFO  TomcatWebServer -initialize   - Tomcat initialized with port(s): 8080 (http)

14:46:32.106 [main] INFO  Http11NioProtocol -log   - Initializing ProtocolHandler ["http-nio-8080"]

14:46:32.106 [main] INFO  StandardService -log   - Starting service [Tomcat]

14:46:32.106 [main] INFO  StandardEngine -log   - Starting Servlet engine: [Apache Tomcat/9.0.68]

14:46:32.196 [main] INFO  [/] -log   - Initializing Spring embedded WebApplicationContext

14:46:32.196 [main] INFO  ServletWebServerApplicationContext -prepareWebApplicationContext   - Root WebApplicationContext: initialization completed in 1208 ms

14:46:32.223 [main] INFO  HikariDataSource -getConnection   - HikariPool-1 - Starting...

14:46:32.411 [main] INFO  HikariDataSource -getConnection   - HikariPool-1 - Start completed.

14:46:32.420 [main] INFO  H2ConsoleAutoConfiguration -logDataSources   - H2 console available at '/h2-console'. Database available at 'jdbc:h2:mem:testdb'

14:46:32.542 [main] INFO  LogHelper -logPersistenceUnitInformation   - HHH000204: Processing PersistenceUnitInfo [name: default]

14:46:32.590 [main] INFO  Version -logVersion   - HHH000412: Hibernate ORM core version 5.6.12.Final

14:46:32.766 [main] INFO  Version -<clinit>   - HCANN000001: Hibernate Commons Annotations {5.1.2.Final}

14:46:32.863 [main] INFO  Dialect -<init>   - HHH000400: Using dialect: org.hibernate.dialect.H2Dialect

14:46:33.250 [main] INFO  JtaPlatformInitiator -initiateService   - HHH000490: Using JtaPlatform implementation: [org.hibernate.engine.transaction.jta.platform.internal.NoJtaPlatform]

14:46:33.255 [main] INFO  LocalContainerEntityManagerFactoryBean -buildNativeEntityManagerFactory   - Initialized JPA EntityManagerFactory for persistence unit 'default'

14:46:33.672 [main] WARN  JpaBaseConfiguration$JpaWebConfiguration -openEntityManagerInViewInterceptor   - spring.jpa.open-in-view is enabled by default. Therefore, database queries may be performed during view rendering. Explicitly configure spring.jpa.open-in-view to disable this warning

14:46:33.968 [main] INFO  Http11NioProtocol -log   - Starting ProtocolHandler ["http-nio-8080"]

14:46:33.995 [main] INFO  TomcatWebServer -start   - Tomcat started on port(s): 8080 (http) with context path ''

14:46:34.005 [main] INFO  TrainApplication -logStarted   - Started TrainApplication in 3.44 seconds (JVM running for 4.053)

14:46:40.521 [http-nio-8080-exec-1] INFO  [/] -log   - Initializing Spring DispatcherServlet 'dispatcherServlet'

14:46:40.522 [http-nio-8080-exec-1] INFO  DispatcherServlet -initServletBean   - Initializing Servlet 'dispatcherServlet'

14:46:40.522 [http-nio-8080-exec-1] INFO  DispatcherServlet -initServletBean   - Completed initialization in 0 ms

14:46:49.562 [http-nio-8080-exec-5] INFO  TicketCreateCheck -dateValueCheck   - input date: Wed Apr 22 00:00:00 CST 2020

14:46:56.788 [http-nio-8080-exec-6] INFO  TicketCreateCheck -dateValueCheck   - input date: Wed Apr 22 00:00:00 CST 2020

