15:56:00.858 [background-preinit] INFO  Version -<clinit>   - HV000001: Hibernate Validator 6.2.5.Final

15:56:00.888 [main] INFO  TrainApplication -logStarting   - Starting TrainApplication using Java 18.0.2 on 22005461EchoLin with PID 23488 (C:\Git Repo\Train\target\classes started by 2200546 in C:\Git Repo\Train)

15:56:00.892 [main] INFO  TrainApplication -logStartupProfileInfo   - No active profile set, falling back to 1 default profile: "default"

15:56:01.463 [main] INFO  RepositoryConfigurationDelegate -registerRepositoriesIn   - Bootstrapping Spring Data JPA repositories in DEFAULT mode.

15:56:01.524 [main] INFO  RepositoryConfigurationDelegate -registerRepositoriesIn   - Finished Spring Data repository scanning in 52 ms. Found 3 JPA repository interfaces.

15:56:02.047 [main] INFO  TomcatWebServer -initialize   - Tomcat initialized with port(s): 8080 (http)

15:56:02.060 [main] INFO  Http11NioProtocol -log   - Initializing ProtocolHandler ["http-nio-8080"]

15:56:02.060 [main] INFO  StandardService -log   - Starting service [Tomcat]

15:56:02.060 [main] INFO  StandardEngine -log   - Starting Servlet engine: [Apache Tomcat/9.0.68]

15:56:02.148 [main] INFO  [/] -log   - Initializing Spring embedded WebApplicationContext

15:56:02.148 [main] INFO  ServletWebServerApplicationContext -prepareWebApplicationContext   - Root WebApplicationContext: initialization completed in 1218 ms

15:56:02.173 [main] INFO  HikariDataSource -getConnection   - HikariPool-1 - Starting...

15:56:02.341 [main] INFO  HikariDataSource -getConnection   - HikariPool-1 - Start completed.

15:56:02.353 [main] INFO  H2ConsoleAutoConfiguration -logDataSources   - H2 console available at '/h2-console'. Database available at 'jdbc:h2:mem:testdb'

15:56:02.489 [main] INFO  LogHelper -logPersistenceUnitInformation   - HHH000204: Processing PersistenceUnitInfo [name: default]

15:56:02.534 [main] INFO  Version -logVersion   - HHH000412: Hibernate ORM core version 5.6.12.Final

15:56:02.694 [main] INFO  Version -<clinit>   - HCANN000001: Hibernate Commons Annotations {5.1.2.Final}

15:56:02.772 [main] INFO  Dialect -<init>   - HHH000400: Using dialect: org.hibernate.dialect.H2Dialect

15:56:03.178 [main] INFO  JtaPlatformInitiator -initiateService   - HHH000490: Using JtaPlatform implementation: [org.hibernate.engine.transaction.jta.platform.internal.NoJtaPlatform]

15:56:03.184 [main] INFO  LocalContainerEntityManagerFactoryBean -buildNativeEntityManagerFactory   - Initialized JPA EntityManagerFactory for persistence unit 'default'

15:56:03.653 [main] WARN  JpaBaseConfiguration$JpaWebConfiguration -openEntityManagerInViewInterceptor   - spring.jpa.open-in-view is enabled by default. Therefore, database queries may be performed during view rendering. Explicitly configure spring.jpa.open-in-view to disable this warning

15:56:04.171 [main] INFO  Http11NioProtocol -log   - Starting ProtocolHandler ["http-nio-8080"]

15:56:04.206 [main] INFO  TomcatWebServer -start   - Tomcat started on port(s): 8080 (http) with context path ''

15:56:04.217 [main] INFO  TrainApplication -logStarted   - Started TrainApplication in 3.725 seconds (JVM running for 4.311)

15:56:07.222 [http-nio-8080-exec-4] INFO  [/] -log   - Initializing Spring DispatcherServlet 'dispatcherServlet'

15:56:07.222 [http-nio-8080-exec-4] INFO  DispatcherServlet -initServletBean   - Initializing Servlet 'dispatcherServlet'

15:56:07.223 [http-nio-8080-exec-4] INFO  DispatcherServlet -initServletBean   - Completed initialization in 1 ms

