17:34:06.392 [background-preinit] INFO  Version -<clinit>   - HV000001: Hibernate Validator 6.2.5.Final

17:34:06.446 [main] INFO  TrainApplication -logStarting   - Starting TrainApplication using Java 18.0.2 on 22005461EchoLin with PID 7024 (C:\Git Repo\Train\target\classes started by 2200546 in C:\Git Repo\Train)

17:34:06.453 [main] INFO  TrainApplication -logStartupProfileInfo   - No active profile set, falling back to 1 default profile: "default"

17:34:07.378 [main] INFO  RepositoryConfigurationDelegate -registerRepositoriesIn   - Bootstrapping Spring Data JPA repositories in DEFAULT mode.

17:34:07.530 [main] INFO  RepositoryConfigurationDelegate -registerRepositoriesIn   - Finished Spring Data repository scanning in 137 ms. Found 3 JPA repository interfaces.

17:34:09.589 [main] INFO  TomcatWebServer -initialize   - Tomcat initialized with port(s): 8080 (http)

17:34:09.621 [main] INFO  Http11NioProtocol -log   - Initializing ProtocolHandler ["http-nio-8080"]

17:34:09.621 [main] INFO  StandardService -log   - Starting service [Tomcat]

17:34:09.621 [main] INFO  StandardEngine -log   - Starting Servlet engine: [Apache Tomcat/9.0.68]

17:34:09.842 [main] INFO  [/] -log   - Initializing Spring embedded WebApplicationContext

17:34:09.845 [main] INFO  ServletWebServerApplicationContext -prepareWebApplicationContext   - Root WebApplicationContext: initialization completed in 3336 ms

17:34:09.916 [main] INFO  HikariDataSource -getConnection   - HikariPool-1 - Starting...

17:34:10.421 [main] INFO  HikariDataSource -getConnection   - HikariPool-1 - Start completed.

17:34:10.450 [main] INFO  H2ConsoleAutoConfiguration -logDataSources   - H2 console available at '/h2-console'. Database available at 'jdbc:h2:mem:testdb'

17:34:10.787 [main] INFO  LogHelper -logPersistenceUnitInformation   - HHH000204: Processing PersistenceUnitInfo [name: default]

17:34:11.101 [main] INFO  Version -logVersion   - HHH000412: Hibernate ORM core version 5.6.12.Final

17:34:11.564 [main] INFO  Version -<clinit>   - HCANN000001: Hibernate Commons Annotations {5.1.2.Final}

17:34:11.737 [main] INFO  Dialect -<init>   - HHH000400: Using dialect: org.hibernate.dialect.H2Dialect

17:34:12.773 [main] INFO  JtaPlatformInitiator -initiateService   - HHH000490: Using JtaPlatform implementation: [org.hibernate.engine.transaction.jta.platform.internal.NoJtaPlatform]

17:34:12.798 [main] INFO  LocalContainerEntityManagerFactoryBean -buildNativeEntityManagerFactory   - Initialized JPA EntityManagerFactory for persistence unit 'default'

17:34:13.698 [main] WARN  AnnotationConfigServletWebServerApplicationContext -refresh   - Exception encountered during context initialization - cancelling refresh attempt: org.springframework.beans.factory.UnsatisfiedDependencyException: Error creating bean with name 'trainController': Unsatisfied dependency expressed through field 'trainQueryService'; nested exception is org.springframework.beans.factory.UnsatisfiedDependencyException: Error creating bean with name 'trainQueryServiceImpl': Unsatisfied dependency expressed through field 'basicCheck'; nested exception is org.springframework.beans.factory.NoUniqueBeanDefinitionException: No qualifying bean of type 'com.example.Train.service.valid.TrainBasicCheck' available: expected single matching bean but found 2: ticketCreateCheck,trainCreateCheck

17:34:13.698 [main] INFO  LocalContainerEntityManagerFactoryBean -destroy   - Closing JPA EntityManagerFactory for persistence unit 'default'

17:34:13.698 [main] INFO  SchemaDropperImpl$DelayedDropActionImpl -perform   - HHH000477: Starting delayed evictData of schema as part of SessionFactory shut-down'

17:34:13.712 [main] INFO  HikariDataSource -close   - HikariPool-1 - Shutdown initiated...

17:34:13.715 [main] INFO  HikariDataSource -close   - HikariPool-1 - Shutdown completed.

17:34:13.718 [main] INFO  StandardService -log   - Stopping service [Tomcat]

17:34:13.751 [main] INFO  ConditionEvaluationReportLoggingListener -logMessage   - 

Error starting ApplicationContext. To display the conditions report re-run your application with 'debug' enabled.

17:34:13.789 [main] ERROR LoggingFailureAnalysisReporter -report   - 

***************************
APPLICATION FAILED TO START
***************************

Description:

Field basicCheck in com.example.Train.service.impl.query.TrainQueryServiceImpl required a single bean, but 2 were found:
	- ticketCreateCheck: defined in file [C:\Git Repo\Train\target\classes\com\example\Train\service\valid\TicketCreateCheck.class]
	- trainCreateCheck: defined in file [C:\Git Repo\Train\target\classes\com\example\Train\service\valid\TrainCreateCheck.class]


Action:

Consider marking one of the beans as @Primary, updating the consumer to accept multiple beans, or using @Qualifier to identify the bean that should be consumed


