17:36:22.761 [background-preinit] INFO  Version -<clinit>   - HV000001: Hibernate Validator 6.2.5.Final

17:36:22.793 [main] INFO  TrainApplication -logStarting   - Starting TrainApplication using Java 18.0.2 on 22005461EchoLin with PID 6984 (C:\Git Repo\Train\target\classes started by 2200546 in C:\Git Repo\Train)

17:36:22.797 [main] INFO  TrainApplication -logStartupProfileInfo   - No active profile set, falling back to 1 default profile: "default"

17:36:23.426 [main] INFO  RepositoryConfigurationDelegate -registerRepositoriesIn   - Bootstrapping Spring Data JPA repositories in DEFAULT mode.

17:36:23.494 [main] INFO  RepositoryConfigurationDelegate -registerRepositoriesIn   - Finished Spring Data repository scanning in 59 ms. Found 3 JPA repository interfaces.

17:36:24.015 [main] INFO  TomcatWebServer -initialize   - Tomcat initialized with port(s): 8080 (http)

17:36:24.030 [main] INFO  Http11NioProtocol -log   - Initializing ProtocolHandler ["http-nio-8080"]

17:36:24.030 [main] INFO  StandardService -log   - Starting service [Tomcat]

17:36:24.030 [main] INFO  StandardEngine -log   - Starting Servlet engine: [Apache Tomcat/9.0.68]

17:36:24.134 [main] INFO  [/] -log   - Initializing Spring embedded WebApplicationContext

17:36:24.135 [main] INFO  ServletWebServerApplicationContext -prepareWebApplicationContext   - Root WebApplicationContext: initialization completed in 1296 ms

17:36:24.179 [main] INFO  HikariDataSource -getConnection   - HikariPool-1 - Starting...

17:36:24.395 [main] INFO  HikariDataSource -getConnection   - HikariPool-1 - Start completed.

17:36:24.407 [main] INFO  H2ConsoleAutoConfiguration -logDataSources   - H2 console available at '/h2-console'. Database available at 'jdbc:h2:mem:testdb'

17:36:24.562 [main] INFO  LogHelper -logPersistenceUnitInformation   - HHH000204: Processing PersistenceUnitInfo [name: default]

17:36:24.616 [main] INFO  Version -logVersion   - HHH000412: Hibernate ORM core version 5.6.12.Final

17:36:24.790 [main] INFO  Version -<clinit>   - HCANN000001: Hibernate Commons Annotations {5.1.2.Final}

17:36:24.908 [main] INFO  Dialect -<init>   - HHH000400: Using dialect: org.hibernate.dialect.H2Dialect

17:36:25.579 [main] INFO  JtaPlatformInitiator -initiateService   - HHH000490: Using JtaPlatform implementation: [org.hibernate.engine.transaction.jta.platform.internal.NoJtaPlatform]

17:36:25.589 [main] INFO  LocalContainerEntityManagerFactoryBean -buildNativeEntityManagerFactory   - Initialized JPA EntityManagerFactory for persistence unit 'default'

17:36:26.251 [main] WARN  JpaBaseConfiguration$JpaWebConfiguration -openEntityManagerInViewInterceptor   - spring.jpa.open-in-view is enabled by default. Therefore, database queries may be performed during view rendering. Explicitly configure spring.jpa.open-in-view to disable this warning

17:36:26.695 [main] INFO  Http11NioProtocol -log   - Starting ProtocolHandler ["http-nio-8080"]

17:36:26.735 [main] INFO  TomcatWebServer -start   - Tomcat started on port(s): 8080 (http) with context path ''

17:36:26.750 [main] INFO  TrainApplication -logStarted   - Started TrainApplication in 4.452 seconds (JVM running for 5.334)

17:36:31.884 [http-nio-8080-exec-2] INFO  [/] -log   - Initializing Spring DispatcherServlet 'dispatcherServlet'

17:36:31.884 [http-nio-8080-exec-2] INFO  DispatcherServlet -initServletBean   - Initializing Servlet 'dispatcherServlet'

17:36:31.884 [http-nio-8080-exec-2] INFO  DispatcherServlet -initServletBean   - Completed initialization in 0 ms

