17:44:00.315 [background-preinit] INFO  Version -<clinit>   - HV000001: Hibernate Validator 6.2.5.Final

17:44:00.343 [main] INFO  TrainApplication -logStarting   - Starting TrainApplication using Java 18.0.2 on 22005461EchoLin with PID 4924 (C:\Git Repo\Train\target\classes started by 2200546 in C:\Git Repo\Train)

17:44:00.348 [main] INFO  TrainApplication -logStartupProfileInfo   - No active profile set, falling back to 1 default profile: "default"

17:44:01.012 [main] INFO  RepositoryConfigurationDelegate -registerRepositoriesIn   - Bootstrapping Spring Data JPA repositories in DEFAULT mode.

17:44:01.077 [main] INFO  RepositoryConfigurationDelegate -registerRepositoriesIn   - Finished Spring Data repository scanning in 57 ms. Found 3 JPA repository interfaces.

17:44:01.619 [main] INFO  TomcatWebServer -initialize   - Tomcat initialized with port(s): 8080 (http)

17:44:01.633 [main] INFO  Http11NioProtocol -log   - Initializing ProtocolHandler ["http-nio-8080"]

17:44:01.633 [main] INFO  StandardService -log   - Starting service [Tomcat]

17:44:01.634 [main] INFO  StandardEngine -log   - Starting Servlet engine: [Apache Tomcat/9.0.68]

17:44:01.723 [main] INFO  [/] -log   - Initializing Spring embedded WebApplicationContext

17:44:01.724 [main] INFO  ServletWebServerApplicationContext -prepareWebApplicationContext   - Root WebApplicationContext: initialization completed in 1333 ms

17:44:01.760 [main] INFO  HikariDataSource -getConnection   - HikariPool-1 - Starting...

17:44:02.020 [main] INFO  HikariDataSource -getConnection   - HikariPool-1 - Start completed.

17:44:02.037 [main] INFO  H2ConsoleAutoConfiguration -logDataSources   - H2 console available at '/h2-console'. Database available at 'jdbc:h2:mem:testdb'

17:44:02.205 [main] INFO  LogHelper -logPersistenceUnitInformation   - HHH000204: Processing PersistenceUnitInfo [name: default]

17:44:02.265 [main] INFO  Version -logVersion   - HHH000412: Hibernate ORM core version 5.6.12.Final

17:44:02.452 [main] INFO  Version -<clinit>   - HCANN000001: Hibernate Commons Annotations {5.1.2.Final}

17:44:02.580 [main] INFO  Dialect -<init>   - HHH000400: Using dialect: org.hibernate.dialect.H2Dialect

17:44:03.033 [main] INFO  JtaPlatformInitiator -initiateService   - HHH000490: Using JtaPlatform implementation: [org.hibernate.engine.transaction.jta.platform.internal.NoJtaPlatform]

17:44:03.039 [main] INFO  LocalContainerEntityManagerFactoryBean -buildNativeEntityManagerFactory   - Initialized JPA EntityManagerFactory for persistence unit 'default'

17:44:03.748 [main] WARN  JpaBaseConfiguration$JpaWebConfiguration -openEntityManagerInViewInterceptor   - spring.jpa.open-in-view is enabled by default. Therefore, database queries may be performed during view rendering. Explicitly configure spring.jpa.open-in-view to disable this warning

17:44:04.363 [main] INFO  Http11NioProtocol -log   - Starting ProtocolHandler ["http-nio-8080"]

17:44:04.420 [main] INFO  TomcatWebServer -start   - Tomcat started on port(s): 8080 (http) with context path ''

17:44:04.441 [main] INFO  TrainApplication -logStarted   - Started TrainApplication in 4.519 seconds (JVM running for 5.238)

17:44:05.777 [http-nio-8080-exec-2] INFO  [/] -log   - Initializing Spring DispatcherServlet 'dispatcherServlet'

17:44:05.777 [http-nio-8080-exec-2] INFO  DispatcherServlet -initServletBean   - Initializing Servlet 'dispatcherServlet'

17:44:05.778 [http-nio-8080-exec-2] INFO  DispatcherServlet -initServletBean   - Completed initialization in 1 ms

