17:54:21.965 [background-preinit] INFO  Version -<clinit>   - HV000001: Hibernate Validator 6.2.5.Final

17:54:21.996 [main] INFO  TrainApplication -logStarting   - Starting TrainApplication using Java 18.0.2 on 22005461EchoLin with PID 19040 (C:\Git Repo\Train\target\classes started by 2200546 in C:\Git Repo\Train)

17:54:22.000 [main] INFO  TrainApplication -logStartupProfileInfo   - No active profile set, falling back to 1 default profile: "default"

17:54:22.667 [main] INFO  RepositoryConfigurationDelegate -registerRepositoriesIn   - Bootstrapping Spring Data JPA repositories in DEFAULT mode.

17:54:22.740 [main] INFO  RepositoryConfigurationDelegate -registerRepositoriesIn   - Finished Spring Data repository scanning in 64 ms. Found 3 JPA repository interfaces.

17:54:23.281 [main] INFO  TomcatWebServer -initialize   - Tomcat initialized with port(s): 8080 (http)

17:54:23.292 [main] INFO  Http11NioProtocol -log   - Initializing ProtocolHandler ["http-nio-8080"]

17:54:23.293 [main] INFO  StandardService -log   - Starting service [Tomcat]

17:54:23.293 [main] INFO  StandardEngine -log   - Starting Servlet engine: [Apache Tomcat/9.0.68]

17:54:23.397 [main] INFO  [/] -log   - Initializing Spring embedded WebApplicationContext

17:54:23.398 [main] INFO  ServletWebServerApplicationContext -prepareWebApplicationContext   - Root WebApplicationContext: initialization completed in 1358 ms

17:54:23.434 [main] INFO  HikariDataSource -getConnection   - HikariPool-1 - Starting...

17:54:23.642 [main] INFO  HikariDataSource -getConnection   - HikariPool-1 - Start completed.

17:54:23.656 [main] INFO  H2ConsoleAutoConfiguration -logDataSources   - H2 console available at '/h2-console'. Database available at 'jdbc:h2:mem:testdb'

17:54:23.804 [main] INFO  LogHelper -logPersistenceUnitInformation   - HHH000204: Processing PersistenceUnitInfo [name: default]

17:54:23.846 [main] INFO  Version -logVersion   - HHH000412: Hibernate ORM core version 5.6.12.Final

17:54:24.003 [main] INFO  Version -<clinit>   - HCANN000001: Hibernate Commons Annotations {5.1.2.Final}

17:54:24.108 [main] INFO  Dialect -<init>   - HHH000400: Using dialect: org.hibernate.dialect.H2Dialect

17:54:24.586 [main] INFO  JtaPlatformInitiator -initiateService   - HHH000490: Using JtaPlatform implementation: [org.hibernate.engine.transaction.jta.platform.internal.NoJtaPlatform]

17:54:24.592 [main] INFO  LocalContainerEntityManagerFactoryBean -buildNativeEntityManagerFactory   - Initialized JPA EntityManagerFactory for persistence unit 'default'

17:54:25.136 [main] WARN  JpaBaseConfiguration$JpaWebConfiguration -openEntityManagerInViewInterceptor   - spring.jpa.open-in-view is enabled by default. Therefore, database queries may be performed during view rendering. Explicitly configure spring.jpa.open-in-view to disable this warning

17:54:25.442 [main] INFO  Http11NioProtocol -log   - Starting ProtocolHandler ["http-nio-8080"]

17:54:25.469 [main] INFO  TomcatWebServer -start   - Tomcat started on port(s): 8080 (http) with context path ''

17:54:25.483 [main] INFO  TrainApplication -logStarted   - Started TrainApplication in 3.905 seconds (JVM running for 4.627)

17:54:27.835 [http-nio-8080-exec-2] INFO  [/] -log   - Initializing Spring DispatcherServlet 'dispatcherServlet'

17:54:27.835 [http-nio-8080-exec-2] INFO  DispatcherServlet -initServletBean   - Initializing Servlet 'dispatcherServlet'

17:54:27.836 [http-nio-8080-exec-2] INFO  DispatcherServlet -initServletBean   - Completed initialization in 0 ms

17:54:59.810 [SpringApplicationShutdownHook] INFO  LocalContainerEntityManagerFactoryBean -destroy   - Closing JPA EntityManagerFactory for persistence unit 'default'

17:54:59.811 [SpringApplicationShutdownHook] INFO  SchemaDropperImpl$DelayedDropActionImpl -perform   - HHH000477: Starting delayed evictData of schema as part of SessionFactory shut-down'

17:54:59.997 [SpringApplicationShutdownHook] INFO  HikariDataSource -close   - HikariPool-1 - Shutdown initiated...

