17:58:24.052 [background-preinit] INFO  Version -<clinit>   - HV000001: Hibernate Validator 6.2.5.Final

17:58:24.097 [main] INFO  TrainApplication -logStarting   - Starting TrainApplication using Java 18.0.2 on 22005461EchoLin with PID 19712 (C:\Git Repo\Train\target\classes started by 2200546 in C:\Git Repo\Train)

17:58:24.105 [main] INFO  TrainApplication -logStartupProfileInfo   - No active profile set, falling back to 1 default profile: "default"

17:58:24.813 [main] INFO  RepositoryConfigurationDelegate -registerRepositoriesIn   - Bootstrapping Spring Data JPA repositories in DEFAULT mode.

17:58:24.875 [main] INFO  RepositoryConfigurationDelegate -registerRepositoriesIn   - Finished Spring Data repository scanning in 56 ms. Found 3 JPA repository interfaces.

17:58:25.424 [main] INFO  TomcatWebServer -initialize   - Tomcat initialized with port(s): 8080 (http)

17:58:25.437 [main] INFO  Http11NioProtocol -log   - Initializing ProtocolHandler ["http-nio-8080"]

17:58:25.438 [main] INFO  StandardService -log   - Starting service [Tomcat]

17:58:25.438 [main] INFO  StandardEngine -log   - Starting Servlet engine: [Apache Tomcat/9.0.68]

17:58:25.529 [main] INFO  [/] -log   - Initializing Spring embedded WebApplicationContext

17:58:25.530 [main] INFO  ServletWebServerApplicationContext -prepareWebApplicationContext   - Root WebApplicationContext: initialization completed in 1381 ms

17:58:25.569 [main] INFO  HikariDataSource -getConnection   - HikariPool-1 - Starting...

17:58:25.762 [main] INFO  HikariDataSource -getConnection   - HikariPool-1 - Start completed.

17:58:25.775 [main] INFO  H2ConsoleAutoConfiguration -logDataSources   - H2 console available at '/h2-console'. Database available at 'jdbc:h2:mem:testdb'

17:58:25.907 [main] INFO  LogHelper -logPersistenceUnitInformation   - HHH000204: Processing PersistenceUnitInfo [name: default]

17:58:25.948 [main] INFO  Version -logVersion   - HHH000412: Hibernate ORM core version 5.6.12.Final

17:58:26.125 [main] INFO  Version -<clinit>   - HCANN000001: Hibernate Commons Annotations {5.1.2.Final}

17:58:26.204 [main] INFO  Dialect -<init>   - HHH000400: Using dialect: org.hibernate.dialect.H2Dialect

17:58:26.685 [main] INFO  JtaPlatformInitiator -initiateService   - HHH000490: Using JtaPlatform implementation: [org.hibernate.engine.transaction.jta.platform.internal.NoJtaPlatform]

17:58:26.692 [main] INFO  LocalContainerEntityManagerFactoryBean -buildNativeEntityManagerFactory   - Initialized JPA EntityManagerFactory for persistence unit 'default'

17:58:27.322 [main] WARN  JpaBaseConfiguration$JpaWebConfiguration -openEntityManagerInViewInterceptor   - spring.jpa.open-in-view is enabled by default. Therefore, database queries may be performed during view rendering. Explicitly configure spring.jpa.open-in-view to disable this warning

17:58:27.725 [main] INFO  Http11NioProtocol -log   - Starting ProtocolHandler ["http-nio-8080"]

17:58:27.760 [main] INFO  TomcatWebServer -start   - Tomcat started on port(s): 8080 (http) with context path ''

17:58:27.774 [main] INFO  TrainApplication -logStarted   - Started TrainApplication in 4.134 seconds (JVM running for 4.9)

17:58:29.241 [http-nio-8080-exec-1] INFO  [/] -log   - Initializing Spring DispatcherServlet 'dispatcherServlet'

17:58:29.241 [http-nio-8080-exec-1] INFO  DispatcherServlet -initServletBean   - Initializing Servlet 'dispatcherServlet'

17:58:29.242 [http-nio-8080-exec-1] INFO  DispatcherServlet -initServletBean   - Completed initialization in 1 ms

