17:55:03.688 [background-preinit] INFO  Version -<clinit>   - HV000001: Hibernate Validator 6.2.5.Final

17:55:03.740 [main] INFO  TrainApplication -logStarting   - Starting TrainApplication using Java 18.0.2 on 22005461EchoLin with PID 11980 (C:\Git Repo\Train\target\classes started by 2200546 in C:\Git Repo\Train)

17:55:03.747 [main] INFO  TrainApplication -logStartupProfileInfo   - No active profile set, falling back to 1 default profile: "default"

17:55:04.488 [main] INFO  RepositoryConfigurationDelegate -registerRepositoriesIn   - Bootstrapping Spring Data JPA repositories in DEFAULT mode.

17:55:04.563 [main] INFO  RepositoryConfigurationDelegate -registerRepositoriesIn   - Finished Spring Data repository scanning in 63 ms. Found 3 JPA repository interfaces.

17:55:05.293 [main] INFO  TomcatWebServer -initialize   - Tomcat initialized with port(s): 8080 (http)

17:55:05.313 [main] INFO  Http11NioProtocol -log   - Initializing ProtocolHandler ["http-nio-8080"]

17:55:05.314 [main] INFO  StandardService -log   - Starting service [Tomcat]

17:55:05.315 [main] INFO  StandardEngine -log   - Starting Servlet engine: [Apache Tomcat/9.0.68]

17:55:05.467 [main] INFO  [/] -log   - Initializing Spring embedded WebApplicationContext

17:55:05.467 [main] INFO  ServletWebServerApplicationContext -prepareWebApplicationContext   - Root WebApplicationContext: initialization completed in 1666 ms

17:55:05.519 [main] INFO  HikariDataSource -getConnection   - HikariPool-1 - Starting...

17:55:05.780 [main] INFO  HikariDataSource -getConnection   - HikariPool-1 - Start completed.

17:55:05.821 [main] INFO  H2ConsoleAutoConfiguration -logDataSources   - H2 console available at '/h2-console'. Database available at 'jdbc:h2:mem:testdb'

17:55:06.150 [main] INFO  LogHelper -logPersistenceUnitInformation   - HHH000204: Processing PersistenceUnitInfo [name: default]

17:55:06.243 [main] INFO  Version -logVersion   - HHH000412: Hibernate ORM core version 5.6.12.Final

17:55:06.837 [main] INFO  Version -<clinit>   - HCANN000001: Hibernate Commons Annotations {5.1.2.Final}

17:55:07.023 [main] INFO  Dialect -<init>   - HHH000400: Using dialect: org.hibernate.dialect.H2Dialect

17:55:07.823 [main] INFO  JtaPlatformInitiator -initiateService   - HHH000490: Using JtaPlatform implementation: [org.hibernate.engine.transaction.jta.platform.internal.NoJtaPlatform]

17:55:07.835 [main] INFO  LocalContainerEntityManagerFactoryBean -buildNativeEntityManagerFactory   - Initialized JPA EntityManagerFactory for persistence unit 'default'

17:55:08.788 [main] WARN  JpaBaseConfiguration$JpaWebConfiguration -openEntityManagerInViewInterceptor   - spring.jpa.open-in-view is enabled by default. Therefore, database queries may be performed during view rendering. Explicitly configure spring.jpa.open-in-view to disable this warning

17:55:09.438 [main] INFO  Http11NioProtocol -log   - Starting ProtocolHandler ["http-nio-8080"]

17:55:09.502 [main] INFO  TomcatWebServer -start   - Tomcat started on port(s): 8080 (http) with context path ''

17:55:09.523 [main] INFO  TrainApplication -logStarted   - Started TrainApplication in 6.319 seconds (JVM running for 7.66)

17:55:12.687 [http-nio-8080-exec-1] INFO  [/] -log   - Initializing Spring DispatcherServlet 'dispatcherServlet'

17:55:12.690 [http-nio-8080-exec-1] INFO  DispatcherServlet -initServletBean   - Initializing Servlet 'dispatcherServlet'

17:55:12.696 [http-nio-8080-exec-1] INFO  DispatcherServlet -initServletBean   - Completed initialization in 4 ms

