18:06:20.032 [background-preinit] INFO  Version -<clinit>   - HV000001: Hibernate Validator 6.2.5.Final

18:06:20.068 [main] INFO  TrainApplication -logStarting   - Starting TrainApplication using Java 18.0.2 on 22005461EchoLin with PID 1936 (C:\Git Repo\Train\target\classes started by 2200546 in C:\Git Repo\Train)

18:06:20.072 [main] INFO  TrainApplication -logStartupProfileInfo   - No active profile set, falling back to 1 default profile: "default"

18:06:20.688 [main] INFO  RepositoryConfigurationDelegate -registerRepositoriesIn   - Bootstrapping Spring Data JPA repositories in DEFAULT mode.

18:06:20.755 [main] INFO  RepositoryConfigurationDelegate -registerRepositoriesIn   - Finished Spring Data repository scanning in 58 ms. Found 3 JPA repository interfaces.

18:06:21.271 [main] INFO  TomcatWebServer -initialize   - Tomcat initialized with port(s): 8080 (http)

18:06:21.283 [main] INFO  Http11NioProtocol -log   - Initializing ProtocolHandler ["http-nio-8080"]

18:06:21.284 [main] INFO  StandardService -log   - Starting service [Tomcat]

18:06:21.284 [main] INFO  StandardEngine -log   - Starting Servlet engine: [Apache Tomcat/9.0.68]

18:06:21.381 [main] INFO  [/] -log   - Initializing Spring embedded WebApplicationContext

18:06:21.382 [main] INFO  ServletWebServerApplicationContext -prepareWebApplicationContext   - Root WebApplicationContext: initialization completed in 1273 ms

18:06:21.413 [main] INFO  HikariDataSource -getConnection   - HikariPool-1 - Starting...

18:06:21.598 [main] INFO  HikariDataSource -getConnection   - HikariPool-1 - Start completed.

18:06:21.610 [main] INFO  H2ConsoleAutoConfiguration -logDataSources   - H2 console available at '/h2-console'. Database available at 'jdbc:h2:mem:testdb'

18:06:21.749 [main] INFO  LogHelper -logPersistenceUnitInformation   - HHH000204: Processing PersistenceUnitInfo [name: default]

18:06:21.790 [main] INFO  Version -logVersion   - HHH000412: Hibernate ORM core version 5.6.12.Final

18:06:21.956 [main] INFO  Version -<clinit>   - HCANN000001: Hibernate Commons Annotations {5.1.2.Final}

18:06:22.029 [main] INFO  Dialect -<init>   - HHH000400: Using dialect: org.hibernate.dialect.H2Dialect

18:06:22.489 [main] INFO  JtaPlatformInitiator -initiateService   - HHH000490: Using JtaPlatform implementation: [org.hibernate.engine.transaction.jta.platform.internal.NoJtaPlatform]

18:06:22.498 [main] INFO  LocalContainerEntityManagerFactoryBean -buildNativeEntityManagerFactory   - Initialized JPA EntityManagerFactory for persistence unit 'default'

18:06:23.024 [main] WARN  JpaBaseConfiguration$JpaWebConfiguration -openEntityManagerInViewInterceptor   - spring.jpa.open-in-view is enabled by default. Therefore, database queries may be performed during view rendering. Explicitly configure spring.jpa.open-in-view to disable this warning

18:06:23.370 [main] INFO  Http11NioProtocol -log   - Starting ProtocolHandler ["http-nio-8080"]

18:06:23.404 [main] INFO  TomcatWebServer -start   - Tomcat started on port(s): 8080 (http) with context path ''

18:06:23.415 [main] INFO  TrainApplication -logStarted   - Started TrainApplication in 3.771 seconds (JVM running for 4.449)

18:06:26.559 [http-nio-8080-exec-4] INFO  [/] -log   - Initializing Spring DispatcherServlet 'dispatcherServlet'

18:06:26.560 [http-nio-8080-exec-4] INFO  DispatcherServlet -initServletBean   - Initializing Servlet 'dispatcherServlet'

18:06:26.560 [http-nio-8080-exec-4] INFO  DispatcherServlet -initServletBean   - Completed initialization in 0 ms

