18:08:16.828 [background-preinit] INFO  Version -<clinit>   - HV000001: Hibernate Validator 6.2.5.Final

18:08:16.872 [main] INFO  TrainApplication -logStarting   - Starting TrainApplication using Java 18.0.2 on 22005461EchoLin with PID 16164 (C:\Git Repo\Train\target\classes started by 2200546 in C:\Git Repo\Train)

18:08:16.878 [main] INFO  TrainApplication -logStartupProfileInfo   - No active profile set, falling back to 1 default profile: "default"

18:08:17.636 [main] INFO  RepositoryConfigurationDelegate -registerRepositoriesIn   - Bootstrapping Spring Data JPA repositories in DEFAULT mode.

18:08:17.710 [main] INFO  RepositoryConfigurationDelegate -registerRepositoriesIn   - Finished Spring Data repository scanning in 61 ms. Found 3 JPA repository interfaces.

18:08:18.364 [main] INFO  TomcatWebServer -initialize   - Tomcat initialized with port(s): 8080 (http)

18:08:18.379 [main] INFO  Http11NioProtocol -log   - Initializing ProtocolHandler ["http-nio-8080"]

18:08:18.380 [main] INFO  StandardService -log   - Starting service [Tomcat]

18:08:18.380 [main] INFO  StandardEngine -log   - Starting Servlet engine: [Apache Tomcat/9.0.68]

18:08:18.473 [main] INFO  [/] -log   - Initializing Spring embedded WebApplicationContext

18:08:18.473 [main] INFO  ServletWebServerApplicationContext -prepareWebApplicationContext   - Root WebApplicationContext: initialization completed in 1537 ms

18:08:18.508 [main] INFO  HikariDataSource -getConnection   - HikariPool-1 - Starting...

18:08:18.728 [main] INFO  HikariDataSource -getConnection   - HikariPool-1 - Start completed.

18:08:18.741 [main] INFO  H2ConsoleAutoConfiguration -logDataSources   - H2 console available at '/h2-console'. Database available at 'jdbc:h2:mem:testdb'

18:08:18.955 [main] INFO  LogHelper -logPersistenceUnitInformation   - HHH000204: Processing PersistenceUnitInfo [name: default]

18:08:19.012 [main] INFO  Version -logVersion   - HHH000412: Hibernate ORM core version 5.6.12.Final

18:08:19.177 [main] INFO  Version -<clinit>   - HCANN000001: Hibernate Commons Annotations {5.1.2.Final}

18:08:19.295 [main] INFO  Dialect -<init>   - HHH000400: Using dialect: org.hibernate.dialect.H2Dialect

18:08:19.843 [main] INFO  JtaPlatformInitiator -initiateService   - HHH000490: Using JtaPlatform implementation: [org.hibernate.engine.transaction.jta.platform.internal.NoJtaPlatform]

18:08:19.855 [main] INFO  LocalContainerEntityManagerFactoryBean -buildNativeEntityManagerFactory   - Initialized JPA EntityManagerFactory for persistence unit 'default'

18:08:20.461 [main] WARN  JpaBaseConfiguration$JpaWebConfiguration -openEntityManagerInViewInterceptor   - spring.jpa.open-in-view is enabled by default. Therefore, database queries may be performed during view rendering. Explicitly configure spring.jpa.open-in-view to disable this warning

18:08:20.871 [main] INFO  Http11NioProtocol -log   - Starting ProtocolHandler ["http-nio-8080"]

18:08:20.908 [main] INFO  TomcatWebServer -start   - Tomcat started on port(s): 8080 (http) with context path ''

18:08:20.922 [main] INFO  TrainApplication -logStarted   - Started TrainApplication in 4.548 seconds (JVM running for 5.643)

18:08:31.836 [http-nio-8080-exec-2] INFO  [/] -log   - Initializing Spring DispatcherServlet 'dispatcherServlet'

18:08:31.836 [http-nio-8080-exec-2] INFO  DispatcherServlet -initServletBean   - Initializing Servlet 'dispatcherServlet'

18:08:31.837 [http-nio-8080-exec-2] INFO  DispatcherServlet -initServletBean   - Completed initialization in 1 ms

