18:10:25.217 [background-preinit] INFO  Version -<clinit>   - HV000001: Hibernate Validator 6.2.5.Final

18:10:25.261 [main] INFO  TrainApplication -logStarting   - Starting TrainApplication using Java 18.0.2 on 22005461EchoLin with PID 18888 (C:\Git Repo\Train\target\classes started by 2200546 in C:\Git Repo\Train)

18:10:25.265 [main] INFO  TrainApplication -logStartupProfileInfo   - No active profile set, falling back to 1 default profile: "default"

18:10:25.948 [main] INFO  RepositoryConfigurationDelegate -registerRepositoriesIn   - Bootstrapping Spring Data JPA repositories in DEFAULT mode.

18:10:26.012 [main] INFO  RepositoryConfigurationDelegate -registerRepositoriesIn   - Finished Spring Data repository scanning in 56 ms. Found 3 JPA repository interfaces.

18:10:26.522 [main] INFO  TomcatWebServer -initialize   - Tomcat initialized with port(s): 8080 (http)

18:10:26.542 [main] INFO  Http11NioProtocol -log   - Initializing ProtocolHandler ["http-nio-8080"]

18:10:26.543 [main] INFO  StandardService -log   - Starting service [Tomcat]

18:10:26.544 [main] INFO  StandardEngine -log   - Starting Servlet engine: [Apache Tomcat/9.0.68]

18:10:26.634 [main] INFO  [/] -log   - Initializing Spring embedded WebApplicationContext

18:10:26.634 [main] INFO  ServletWebServerApplicationContext -prepareWebApplicationContext   - Root WebApplicationContext: initialization completed in 1318 ms

18:10:26.663 [main] INFO  HikariDataSource -getConnection   - HikariPool-1 - Starting...

18:10:26.866 [main] INFO  HikariDataSource -getConnection   - HikariPool-1 - Start completed.

18:10:26.878 [main] INFO  H2ConsoleAutoConfiguration -logDataSources   - H2 console available at '/h2-console'. Database available at 'jdbc:h2:mem:testdb'

18:10:27.015 [main] INFO  LogHelper -logPersistenceUnitInformation   - HHH000204: Processing PersistenceUnitInfo [name: default]

18:10:27.059 [main] INFO  Version -logVersion   - HHH000412: Hibernate ORM core version 5.6.12.Final

18:10:27.229 [main] INFO  Version -<clinit>   - HCANN000001: Hibernate Commons Annotations {5.1.2.Final}

18:10:27.321 [main] INFO  Dialect -<init>   - HHH000400: Using dialect: org.hibernate.dialect.H2Dialect

18:10:27.756 [main] INFO  JtaPlatformInitiator -initiateService   - HHH000490: Using JtaPlatform implementation: [org.hibernate.engine.transaction.jta.platform.internal.NoJtaPlatform]

18:10:27.763 [main] INFO  LocalContainerEntityManagerFactoryBean -buildNativeEntityManagerFactory   - Initialized JPA EntityManagerFactory for persistence unit 'default'

18:10:28.282 [main] WARN  JpaBaseConfiguration$JpaWebConfiguration -openEntityManagerInViewInterceptor   - spring.jpa.open-in-view is enabled by default. Therefore, database queries may be performed during view rendering. Explicitly configure spring.jpa.open-in-view to disable this warning

18:10:28.632 [main] INFO  TomcatWebServer -start   - Tomcat started on port(s): 8080 (http) with context path ''

18:10:28.646 [main] INFO  TrainApplication -logStarted   - Started TrainApplication in 3.99 seconds (JVM running for 4.711)

18:10:28.679 [SpringApplicationShutdownHook] INFO  LocalContainerEntityManagerFactoryBean -destroy   - Closing JPA EntityManagerFactory for persistence unit 'default'

18:10:28.680 [SpringApplicationShutdownHook] INFO  SchemaDropperImpl$DelayedDropActionImpl -perform   - HHH000477: Starting delayed evictData of schema as part of SessionFactory shut-down'

18:10:28.686 [SpringApplicationShutdownHook] INFO  HikariDataSource -close   - HikariPool-1 - Shutdown initiated...

18:10:28.688 [SpringApplicationShutdownHook] INFO  HikariDataSource -close   - HikariPool-1 - Shutdown completed.

