18:10:33.445 [background-preinit] INFO  Version -<clinit>   - HV000001: Hibernate Validator 6.2.5.Final

18:10:33.493 [main] INFO  TrainApplication -logStarting   - Starting TrainApplication using Java 18.0.2 on 22005461EchoLin with PID 19392 (C:\Git Repo\Train\target\classes started by 2200546 in C:\Git Repo\Train)

18:10:33.498 [main] INFO  TrainApplication -logStartupProfileInfo   - No active profile set, falling back to 1 default profile: "default"

18:10:34.437 [main] INFO  RepositoryConfigurationDelegate -registerRepositoriesIn   - Bootstrapping Spring Data JPA repositories in DEFAULT mode.

18:10:34.537 [main] INFO  RepositoryConfigurationDelegate -registerRepositoriesIn   - Finished Spring Data repository scanning in 87 ms. Found 3 JPA repository interfaces.

18:10:35.345 [main] INFO  TomcatWebServer -initialize   - Tomcat initialized with port(s): 8080 (http)

18:10:35.365 [main] INFO  Http11NioProtocol -log   - Initializing ProtocolHandler ["http-nio-8080"]

18:10:35.366 [main] INFO  StandardService -log   - Starting service [Tomcat]

18:10:35.367 [main] INFO  StandardEngine -log   - Starting Servlet engine: [Apache Tomcat/9.0.68]

18:10:35.523 [main] INFO  [/] -log   - Initializing Spring embedded WebApplicationContext

18:10:35.524 [main] INFO  ServletWebServerApplicationContext -prepareWebApplicationContext   - Root WebApplicationContext: initialization completed in 1974 ms

18:10:35.595 [main] INFO  HikariDataSource -getConnection   - HikariPool-1 - Starting...

18:10:35.855 [main] INFO  HikariDataSource -getConnection   - HikariPool-1 - Start completed.

18:10:35.876 [main] INFO  H2ConsoleAutoConfiguration -logDataSources   - H2 console available at '/h2-console'. Database available at 'jdbc:h2:mem:testdb'

18:10:36.040 [main] INFO  LogHelper -logPersistenceUnitInformation   - HHH000204: Processing PersistenceUnitInfo [name: default]

18:10:36.114 [main] INFO  Version -logVersion   - HHH000412: Hibernate ORM core version 5.6.12.Final

18:10:36.330 [main] INFO  Version -<clinit>   - HCANN000001: Hibernate Commons Annotations {5.1.2.Final}

18:10:36.452 [main] INFO  Dialect -<init>   - HHH000400: Using dialect: org.hibernate.dialect.H2Dialect

18:10:37.148 [main] INFO  JtaPlatformInitiator -initiateService   - HHH000490: Using JtaPlatform implementation: [org.hibernate.engine.transaction.jta.platform.internal.NoJtaPlatform]

18:10:37.157 [main] INFO  LocalContainerEntityManagerFactoryBean -buildNativeEntityManagerFactory   - Initialized JPA EntityManagerFactory for persistence unit 'default'

18:10:37.856 [main] WARN  JpaBaseConfiguration$JpaWebConfiguration -openEntityManagerInViewInterceptor   - spring.jpa.open-in-view is enabled by default. Therefore, database queries may be performed during view rendering. Explicitly configure spring.jpa.open-in-view to disable this warning

18:10:38.292 [main] INFO  Http11NioProtocol -log   - Starting ProtocolHandler ["http-nio-8080"]

18:10:38.332 [main] INFO  TomcatWebServer -start   - Tomcat started on port(s): 8080 (http) with context path ''

18:10:38.354 [main] INFO  TrainApplication -logStarted   - Started TrainApplication in 5.492 seconds (JVM running for 6.495)

18:10:40.902 [http-nio-8080-exec-1] INFO  [/] -log   - Initializing Spring DispatcherServlet 'dispatcherServlet'

18:10:40.902 [http-nio-8080-exec-1] INFO  DispatcherServlet -initServletBean   - Initializing Servlet 'dispatcherServlet'

18:10:40.904 [http-nio-8080-exec-1] INFO  DispatcherServlet -initServletBean   - Completed initialization in 1 ms

