10:06:55.947 [background-preinit] INFO  Version -<clinit>   - HV000001: Hibernate Validator 6.2.5.Final

10:06:55.997 [main] INFO  TrainApplication -logStarting   - Starting TrainApplication using Java 18.0.2 on 22005461EchoLin with PID 7924 (C:\Git Repo\Train\target\classes started by 2200546 in C:\Git Repo\Train)

10:06:56.004 [main] INFO  TrainApplication -logStartupProfileInfo   - No active profile set, falling back to 1 default profile: "default"

10:06:56.756 [main] INFO  RepositoryConfigurationDelegate -registerRepositoriesIn   - Bootstrapping Spring Data JPA repositories in DEFAULT mode.

10:06:56.875 [main] INFO  RepositoryConfigurationDelegate -registerRepositoriesIn   - Finished Spring Data repository scanning in 108 ms. Found 3 JPA repository interfaces.

10:06:57.648 [main] INFO  TomcatWebServer -initialize   - Tomcat initialized with port(s): 8080 (http)

10:06:57.666 [main] INFO  Http11NioProtocol -log   - Initializing ProtocolHandler ["http-nio-8080"]

10:06:57.666 [main] INFO  StandardService -log   - Starting service [Tomcat]

10:06:57.667 [main] INFO  StandardEngine -log   - Starting Servlet engine: [Apache Tomcat/9.0.68]

10:06:57.798 [main] INFO  [/] -log   - Initializing Spring embedded WebApplicationContext

10:06:57.798 [main] INFO  ServletWebServerApplicationContext -prepareWebApplicationContext   - Root WebApplicationContext: initialization completed in 1743 ms

10:06:57.834 [main] INFO  HikariDataSource -getConnection   - HikariPool-1 - Starting...

10:06:58.053 [main] INFO  HikariDataSource -getConnection   - HikariPool-1 - Start completed.

10:06:58.062 [main] INFO  H2ConsoleAutoConfiguration -logDataSources   - H2 console available at '/h2-console'. Database available at 'jdbc:h2:mem:testdb'

10:06:58.231 [main] INFO  LogHelper -logPersistenceUnitInformation   - HHH000204: Processing PersistenceUnitInfo [name: default]

10:06:58.317 [main] INFO  Version -logVersion   - HHH000412: Hibernate ORM core version 5.6.12.Final

10:06:58.507 [main] INFO  Version -<clinit>   - HCANN000001: Hibernate Commons Annotations {5.1.2.Final}

10:06:58.647 [main] INFO  Dialect -<init>   - HHH000400: Using dialect: org.hibernate.dialect.H2Dialect

10:06:59.182 [main] INFO  JtaPlatformInitiator -initiateService   - HHH000490: Using JtaPlatform implementation: [org.hibernate.engine.transaction.jta.platform.internal.NoJtaPlatform]

10:06:59.189 [main] INFO  LocalContainerEntityManagerFactoryBean -buildNativeEntityManagerFactory   - Initialized JPA EntityManagerFactory for persistence unit 'default'

10:06:59.893 [main] WARN  JpaBaseConfiguration$JpaWebConfiguration -openEntityManagerInViewInterceptor   - spring.jpa.open-in-view is enabled by default. Therefore, database queries may be performed during view rendering. Explicitly configure spring.jpa.open-in-view to disable this warning

