10:15:01.096 [background-preinit] INFO  Version -<clinit>   - HV000001: Hibernate Validator 6.2.5.Final

10:15:01.127 [main] INFO  TrainApplication -logStarting   - Starting TrainApplication using Java 18.0.2 on 22005461EchoLin with PID 14080 (C:\Git Repo\Train\target\classes started by 2200546 in C:\Git Repo\Train)

10:15:01.130 [main] INFO  TrainApplication -logStartupProfileInfo   - No active profile set, falling back to 1 default profile: "default"

10:15:01.683 [main] INFO  RepositoryConfigurationDelegate -registerRepositoriesIn   - Bootstrapping Spring Data JPA repositories in DEFAULT mode.

10:15:01.738 [main] INFO  RepositoryConfigurationDelegate -registerRepositoriesIn   - Finished Spring Data repository scanning in 46 ms. Found 3 JPA repository interfaces.

10:15:02.233 [main] INFO  TomcatWebServer -initialize   - Tomcat initialized with port(s): 8080 (http)

10:15:02.248 [main] INFO  Http11NioProtocol -log   - Initializing ProtocolHandler ["http-nio-8080"]

10:15:02.249 [main] INFO  StandardService -log   - Starting service [Tomcat]

10:15:02.249 [main] INFO  StandardEngine -log   - Starting Servlet engine: [Apache Tomcat/9.0.68]

10:15:02.329 [main] INFO  [/] -log   - Initializing Spring embedded WebApplicationContext

10:15:02.329 [main] INFO  ServletWebServerApplicationContext -prepareWebApplicationContext   - Root WebApplicationContext: initialization completed in 1171 ms

10:15:02.358 [main] INFO  HikariDataSource -getConnection   - HikariPool-1 - Starting...

10:15:02.520 [main] INFO  HikariDataSource -getConnection   - HikariPool-1 - Start completed.

10:15:02.534 [main] INFO  H2ConsoleAutoConfiguration -logDataSources   - H2 console available at '/h2-console'. Database available at 'jdbc:h2:mem:testdb'

10:15:02.658 [main] INFO  LogHelper -logPersistenceUnitInformation   - HHH000204: Processing PersistenceUnitInfo [name: default]

10:15:02.691 [main] INFO  Version -logVersion   - HHH000412: Hibernate ORM core version 5.6.12.Final

10:15:02.841 [main] INFO  Version -<clinit>   - HCANN000001: Hibernate Commons Annotations {5.1.2.Final}

10:15:02.914 [main] INFO  Dialect -<init>   - HHH000400: Using dialect: org.hibernate.dialect.H2Dialect

10:15:03.273 [main] INFO  JtaPlatformInitiator -initiateService   - HHH000490: Using JtaPlatform implementation: [org.hibernate.engine.transaction.jta.platform.internal.NoJtaPlatform]

10:15:03.279 [main] INFO  LocalContainerEntityManagerFactoryBean -buildNativeEntityManagerFactory   - Initialized JPA EntityManagerFactory for persistence unit 'default'

10:15:03.748 [main] WARN  JpaBaseConfiguration$JpaWebConfiguration -openEntityManagerInViewInterceptor   - spring.jpa.open-in-view is enabled by default. Therefore, database queries may be performed during view rendering. Explicitly configure spring.jpa.open-in-view to disable this warning

10:15:04.061 [main] INFO  Http11NioProtocol -log   - Starting ProtocolHandler ["http-nio-8080"]

10:15:04.091 [main] INFO  TomcatWebServer -start   - Tomcat started on port(s): 8080 (http) with context path ''

10:15:04.101 [main] INFO  TrainApplication -logStarted   - Started TrainApplication in 3.329 seconds (JVM running for 3.909)

10:15:07.572 [http-nio-8080-exec-2] INFO  [/] -log   - Initializing Spring DispatcherServlet 'dispatcherServlet'

10:15:07.572 [http-nio-8080-exec-2] INFO  DispatcherServlet -initServletBean   - Initializing Servlet 'dispatcherServlet'

10:15:07.573 [http-nio-8080-exec-2] INFO  DispatcherServlet -initServletBean   - Completed initialization in 1 ms

