10:37:15.299 [background-preinit] INFO  Version -<clinit>   - HV000001: Hibernate Validator 6.2.5.Final

10:37:15.328 [main] INFO  TrainApplication -logStarting   - Starting TrainApplication using Java 18.0.2 on 22005461EchoLin with PID 3492 (C:\Git Repo\Train\target\classes started by 2200546 in C:\Git Repo\Train)

10:37:15.332 [main] INFO  TrainApplication -logStartupProfileInfo   - No active profile set, falling back to 1 default profile: "default"

10:37:15.882 [main] INFO  RepositoryConfigurationDelegate -registerRepositoriesIn   - Bootstrapping Spring Data JPA repositories in DEFAULT mode.

10:37:15.943 [main] INFO  RepositoryConfigurationDelegate -registerRepositoriesIn   - Finished Spring Data repository scanning in 52 ms. Found 3 JPA repository interfaces.

10:37:16.476 [main] INFO  TomcatWebServer -initialize   - Tomcat initialized with port(s): 8080 (http)

10:37:16.489 [main] INFO  Http11NioProtocol -log   - Initializing ProtocolHandler ["http-nio-8080"]

10:37:16.489 [main] INFO  StandardService -log   - Starting service [Tomcat]

10:37:16.490 [main] INFO  StandardEngine -log   - Starting Servlet engine: [Apache Tomcat/9.0.68]

10:37:16.567 [main] INFO  [/] -log   - Initializing Spring embedded WebApplicationContext

10:37:16.567 [main] INFO  ServletWebServerApplicationContext -prepareWebApplicationContext   - Root WebApplicationContext: initialization completed in 1205 ms

10:37:16.618 [main] INFO  HikariDataSource -getConnection   - HikariPool-1 - Starting...

10:37:16.810 [main] INFO  HikariDataSource -getConnection   - HikariPool-1 - Start completed.

10:37:16.822 [main] INFO  H2ConsoleAutoConfiguration -logDataSources   - H2 console available at '/h2-console'. Database available at 'jdbc:h2:mem:testdb'

10:37:16.996 [main] INFO  LogHelper -logPersistenceUnitInformation   - HHH000204: Processing PersistenceUnitInfo [name: default]

10:37:17.056 [main] INFO  Version -logVersion   - HHH000412: Hibernate ORM core version 5.6.12.Final

10:37:17.191 [main] INFO  Version -<clinit>   - HCANN000001: Hibernate Commons Annotations {5.1.2.Final}

10:37:17.259 [main] INFO  Dialect -<init>   - HHH000400: Using dialect: org.hibernate.dialect.H2Dialect

10:37:17.623 [main] INFO  JtaPlatformInitiator -initiateService   - HHH000490: Using JtaPlatform implementation: [org.hibernate.engine.transaction.jta.platform.internal.NoJtaPlatform]

10:37:17.628 [main] INFO  LocalContainerEntityManagerFactoryBean -buildNativeEntityManagerFactory   - Initialized JPA EntityManagerFactory for persistence unit 'default'

10:37:18.088 [main] WARN  JpaBaseConfiguration$JpaWebConfiguration -openEntityManagerInViewInterceptor   - spring.jpa.open-in-view is enabled by default. Therefore, database queries may be performed during view rendering. Explicitly configure spring.jpa.open-in-view to disable this warning

10:37:18.374 [main] INFO  Http11NioProtocol -log   - Starting ProtocolHandler ["http-nio-8080"]

10:37:18.398 [main] INFO  TomcatWebServer -start   - Tomcat started on port(s): 8080 (http) with context path ''

10:37:18.408 [main] INFO  TrainApplication -logStarted   - Started TrainApplication in 3.452 seconds (JVM running for 4.032)

10:37:22.950 [http-nio-8080-exec-2] INFO  [/] -log   - Initializing Spring DispatcherServlet 'dispatcherServlet'

10:37:22.950 [http-nio-8080-exec-2] INFO  DispatcherServlet -initServletBean   - Initializing Servlet 'dispatcherServlet'

10:37:22.951 [http-nio-8080-exec-2] INFO  DispatcherServlet -initServletBean   - Completed initialization in 0 ms

10:37:23.196 [http-nio-8080-exec-2] INFO  TicketCreateCheck -dateValueCheck   - input date: Wed Apr 22 00:00:00 CST 2020

