11:22:27.028 [background-preinit] INFO  Version -<clinit>   - HV000001: Hibernate Validator 6.2.5.Final

11:22:27.060 [main] INFO  TrainApplication -logStarting   - Starting TrainApplication using Java 18.0.2 on 22005461EchoLin with PID 13176 (C:\Git Repo\Train\target\classes started by 2200546 in C:\Git Repo\Train)

11:22:27.063 [main] INFO  TrainApplication -logStartupProfileInfo   - No active profile set, falling back to 1 default profile: "default"

11:22:27.636 [main] INFO  RepositoryConfigurationDelegate -registerRepositoriesIn   - Bootstrapping Spring Data JPA repositories in DEFAULT mode.

11:22:27.696 [main] INFO  RepositoryConfigurationDelegate -registerRepositoriesIn   - Finished Spring Data repository scanning in 53 ms. Found 3 JPA repository interfaces.

11:22:28.293 [main] INFO  TomcatWebServer -initialize   - Tomcat initialized with port(s): 8080 (http)

11:22:28.307 [main] INFO  Http11NioProtocol -log   - Initializing ProtocolHandler ["http-nio-8080"]

11:22:28.307 [main] INFO  StandardService -log   - Starting service [Tomcat]

11:22:28.308 [main] INFO  StandardEngine -log   - Starting Servlet engine: [Apache Tomcat/9.0.68]

11:22:28.408 [main] INFO  [/] -log   - Initializing Spring embedded WebApplicationContext

11:22:28.410 [main] INFO  ServletWebServerApplicationContext -prepareWebApplicationContext   - Root WebApplicationContext: initialization completed in 1315 ms

11:22:28.448 [main] INFO  HikariDataSource -getConnection   - HikariPool-1 - Starting...

11:22:28.606 [main] INFO  HikariDataSource -getConnection   - HikariPool-1 - Start completed.

11:22:28.616 [main] INFO  H2ConsoleAutoConfiguration -logDataSources   - H2 console available at '/h2-console'. Database available at 'jdbc:h2:mem:testdb'

11:22:28.738 [main] INFO  LogHelper -logPersistenceUnitInformation   - HHH000204: Processing PersistenceUnitInfo [name: default]

11:22:28.791 [main] INFO  Version -logVersion   - HHH000412: Hibernate ORM core version 5.6.12.Final

11:22:29.080 [main] INFO  Version -<clinit>   - HCANN000001: Hibernate Commons Annotations {5.1.2.Final}

11:22:29.218 [main] INFO  Dialect -<init>   - HHH000400: Using dialect: org.hibernate.dialect.H2Dialect

11:22:29.742 [main] INFO  JtaPlatformInitiator -initiateService   - HHH000490: Using JtaPlatform implementation: [org.hibernate.engine.transaction.jta.platform.internal.NoJtaPlatform]

11:22:29.749 [main] INFO  LocalContainerEntityManagerFactoryBean -buildNativeEntityManagerFactory   - Initialized JPA EntityManagerFactory for persistence unit 'default'

11:22:30.340 [main] WARN  JpaBaseConfiguration$JpaWebConfiguration -openEntityManagerInViewInterceptor   - spring.jpa.open-in-view is enabled by default. Therefore, database queries may be performed during view rendering. Explicitly configure spring.jpa.open-in-view to disable this warning

11:22:30.686 [main] INFO  Http11NioProtocol -log   - Starting ProtocolHandler ["http-nio-8080"]

11:22:30.717 [main] INFO  TomcatWebServer -start   - Tomcat started on port(s): 8080 (http) with context path ''

11:22:30.729 [main] INFO  TrainApplication -logStarted   - Started TrainApplication in 4.075 seconds (JVM running for 4.743)

11:22:33.807 [http-nio-8080-exec-2] INFO  [/] -log   - Initializing Spring DispatcherServlet 'dispatcherServlet'

11:22:33.808 [http-nio-8080-exec-2] INFO  DispatcherServlet -initServletBean   - Initializing Servlet 'dispatcherServlet'

11:22:33.809 [http-nio-8080-exec-2] INFO  DispatcherServlet -initServletBean   - Completed initialization in 1 ms

