11:30:03.674 [background-preinit] INFO  Version -<clinit>   - HV000001: Hibernate Validator 6.2.5.Final

11:30:03.709 [main] INFO  TrainApplication -logStarting   - Starting TrainApplication using Java 18.0.2 on 22005461EchoLin with PID 8588 (C:\Git Repo\Train\target\classes started by 2200546 in C:\Git Repo\Train)

11:30:03.713 [main] INFO  TrainApplication -logStartupProfileInfo   - No active profile set, falling back to 1 default profile: "default"

11:30:04.297 [main] INFO  RepositoryConfigurationDelegate -registerRepositoriesIn   - Bootstrapping Spring Data JPA repositories in DEFAULT mode.

11:30:04.354 [main] INFO  RepositoryConfigurationDelegate -registerRepositoriesIn   - Finished Spring Data repository scanning in 49 ms. Found 3 JPA repository interfaces.

11:30:04.815 [main] INFO  TomcatWebServer -initialize   - Tomcat initialized with port(s): 8080 (http)

11:30:04.827 [main] INFO  Http11NioProtocol -log   - Initializing ProtocolHandler ["http-nio-8080"]

11:30:04.827 [main] INFO  StandardService -log   - Starting service [Tomcat]

11:30:04.828 [main] INFO  StandardEngine -log   - Starting Servlet engine: [Apache Tomcat/9.0.68]

11:30:04.909 [main] INFO  [/] -log   - Initializing Spring embedded WebApplicationContext

11:30:04.909 [main] INFO  ServletWebServerApplicationContext -prepareWebApplicationContext   - Root WebApplicationContext: initialization completed in 1161 ms

11:30:04.937 [main] INFO  HikariDataSource -getConnection   - HikariPool-1 - Starting...

11:30:05.096 [main] INFO  HikariDataSource -getConnection   - HikariPool-1 - Start completed.

11:30:05.111 [main] INFO  H2ConsoleAutoConfiguration -logDataSources   - H2 console available at '/h2-console'. Database available at 'jdbc:h2:mem:testdb'

11:30:05.250 [main] INFO  LogHelper -logPersistenceUnitInformation   - HHH000204: Processing PersistenceUnitInfo [name: default]

11:30:05.290 [main] INFO  Version -logVersion   - HHH000412: Hibernate ORM core version 5.6.12.Final

11:30:05.437 [main] INFO  Version -<clinit>   - HCANN000001: Hibernate Commons Annotations {5.1.2.Final}

11:30:05.501 [main] INFO  Dialect -<init>   - HHH000400: Using dialect: org.hibernate.dialect.H2Dialect

11:30:05.863 [main] INFO  JtaPlatformInitiator -initiateService   - HHH000490: Using JtaPlatform implementation: [org.hibernate.engine.transaction.jta.platform.internal.NoJtaPlatform]

11:30:05.868 [main] INFO  LocalContainerEntityManagerFactoryBean -buildNativeEntityManagerFactory   - Initialized JPA EntityManagerFactory for persistence unit 'default'

11:30:06.303 [main] WARN  JpaBaseConfiguration$JpaWebConfiguration -openEntityManagerInViewInterceptor   - spring.jpa.open-in-view is enabled by default. Therefore, database queries may be performed during view rendering. Explicitly configure spring.jpa.open-in-view to disable this warning

11:30:06.604 [main] INFO  Http11NioProtocol -log   - Starting ProtocolHandler ["http-nio-8080"]

11:30:06.629 [main] INFO  TomcatWebServer -start   - Tomcat started on port(s): 8080 (http) with context path ''

11:30:06.636 [main] INFO  TrainApplication -logStarted   - Started TrainApplication in 3.331 seconds (JVM running for 3.978)

11:30:22.550 [http-nio-8080-exec-1] INFO  [/] -log   - Initializing Spring DispatcherServlet 'dispatcherServlet'

11:30:22.550 [http-nio-8080-exec-1] INFO  DispatcherServlet -initServletBean   - Initializing Servlet 'dispatcherServlet'

11:30:22.551 [http-nio-8080-exec-1] INFO  DispatcherServlet -initServletBean   - Completed initialization in 1 ms

