15:49:26.144 [background-preinit] INFO  Version -<clinit>   - HV000001: Hibernate Validator 6.2.5.Final

15:49:26.174 [main] INFO  TrainApplication -logStarting   - Starting TrainApplication using Java 18.0.2 on 22005461EchoLin with PID 10520 (C:\Git Repo\Train\target\classes started by 2200546 in C:\Git Repo\Train)

15:49:26.177 [main] INFO  TrainApplication -logStartupProfileInfo   - No active profile set, falling back to 1 default profile: "default"

15:49:26.727 [main] INFO  RepositoryConfigurationDelegate -registerRepositoriesIn   - Bootstrapping Spring Data JPA repositories in DEFAULT mode.

15:49:26.782 [main] INFO  RepositoryConfigurationDelegate -registerRepositoriesIn   - Finished Spring Data repository scanning in 48 ms. Found 3 JPA repository interfaces.

15:49:27.237 [main] INFO  TomcatWebServer -initialize   - Tomcat initialized with port(s): 8080 (http)

15:49:27.250 [main] INFO  Http11NioProtocol -log   - Initializing ProtocolHandler ["http-nio-8080"]

15:49:27.251 [main] INFO  StandardService -log   - Starting service [Tomcat]

15:49:27.251 [main] INFO  StandardEngine -log   - Starting Servlet engine: [Apache Tomcat/9.0.68]

15:49:27.326 [main] INFO  [/] -log   - Initializing Spring embedded WebApplicationContext

15:49:27.326 [main] INFO  ServletWebServerApplicationContext -prepareWebApplicationContext   - Root WebApplicationContext: initialization completed in 1118 ms

15:49:27.353 [main] INFO  HikariDataSource -getConnection   - HikariPool-1 - Starting...

15:49:27.513 [main] INFO  HikariDataSource -getConnection   - HikariPool-1 - Start completed.

15:49:27.523 [main] INFO  H2ConsoleAutoConfiguration -logDataSources   - H2 console available at '/h2-console'. Database available at 'jdbc:h2:mem:testdb'

15:49:27.639 [main] INFO  LogHelper -logPersistenceUnitInformation   - HHH000204: Processing PersistenceUnitInfo [name: default]

15:49:27.676 [main] INFO  Version -logVersion   - HHH000412: Hibernate ORM core version 5.6.12.Final

15:49:27.825 [main] INFO  Version -<clinit>   - HCANN000001: Hibernate Commons Annotations {5.1.2.Final}

15:49:27.902 [main] INFO  Dialect -<init>   - HHH000400: Using dialect: org.hibernate.dialect.H2Dialect

15:49:28.271 [main] INFO  JtaPlatformInitiator -initiateService   - HHH000490: Using JtaPlatform implementation: [org.hibernate.engine.transaction.jta.platform.internal.NoJtaPlatform]

15:49:28.277 [main] INFO  LocalContainerEntityManagerFactoryBean -buildNativeEntityManagerFactory   - Initialized JPA EntityManagerFactory for persistence unit 'default'

15:49:28.739 [main] WARN  JpaBaseConfiguration$JpaWebConfiguration -openEntityManagerInViewInterceptor   - spring.jpa.open-in-view is enabled by default. Therefore, database queries may be performed during view rendering. Explicitly configure spring.jpa.open-in-view to disable this warning

15:49:29.031 [main] INFO  Http11NioProtocol -log   - Starting ProtocolHandler ["http-nio-8080"]

15:49:29.058 [main] INFO  TomcatWebServer -start   - Tomcat started on port(s): 8080 (http) with context path ''

15:49:29.073 [main] INFO  TrainApplication -logStarted   - Started TrainApplication in 3.288 seconds (JVM running for 3.969)

15:49:35.946 [http-nio-8080-exec-2] INFO  [/] -log   - Initializing Spring DispatcherServlet 'dispatcherServlet'

15:49:35.946 [http-nio-8080-exec-2] INFO  DispatcherServlet -initServletBean   - Initializing Servlet 'dispatcherServlet'

15:49:35.947 [http-nio-8080-exec-2] INFO  DispatcherServlet -initServletBean   - Completed initialization in 1 ms

15:49:36.191 [http-nio-8080-exec-2] INFO  TicketCreateCheck -dateValueCheck   - input date: Wed Apr 22 00:00:00 CST 2020

